<?xml version="1.0" encoding="UTF-8"?>
<!-- Generated by org.testng.reporters.JUnitXMLReporter -->
<testsuite hostname="localhost" name="chromeTest" tests="3" failures="0" timestamp="11 Aug 2017 00:24:01 GMT" time="16.153" errors="0">
  <testcase name="userinputs" time="2.268" classname="info.cukes.cucumber_jvm.Login"/>
  <testcase name="userinputs" time="2.828" classname="info.cukes.cucumber_jvm.SauceTest"/>
  <testcase name="feature" time="13.858" classname="info.cukes.cucumber_jvm.RunCukesTest"/>
</testsuite> <!-- chromeTest -->
